<?xml version="1.0" encoding="UTF-8"?>
<testsuite xmlns:xsi="http://www.w3.org/2001/XMLSchema-instance" xsi:noNamespaceSchemaLocation="https://maven.apache.org/surefire/maven-surefire-plugin/xsd/surefire-test-report-3.0.xsd" version="3.0" name="com.shotaroi.integrationhub.SecurityTest" time="16.879" tests="5" errors="0" skipped="0" failures="0">
  <properties>
[...]
</properties>
  <testcase name="partnerCannotAccessAdminReturns401WhenUsingApiKey" classname="com.shotaroi.integrationhub.SecurityTest" time="1.28">
    <system-out><![CDATA[03:33:54.330 [main] INFO org.springframework.test.context.support.AnnotationConfigContextLoaderUtils -- Could not detect default configuration classes for test class [com.shotaroi.integrationhub.SecurityTest]: SecurityTest does not declare any static, non-private, non-final, nested classes annotated with @Configuration.
03:33:54.684 [main] INFO org.springframework.boot.test.context.SpringBootTestContextBootstrapper -- Found @SpringBootConfiguration com.shotaroi.integrationhub.IntegrationHubApplication for test class com.shotaroi.integrationhub.SecurityTest
03:33:54.898 [main] INFO org.testcontainers.images.PullPolicy -- Image pull policy will be performed by: DefaultPullPolicy()
03:33:54.902 [main] INFO org.testcontainers.utility.ImageNameSubstitutor -- Image name substitution will be performed by: DefaultImageNameSubstitutor (composite of 'ConfigurationFileImageNameSubstitutor' and 'PrefixingImageNameSubstitutor')
03:33:55.758 [main] INFO org.testcontainers.dockerclient.DockerClientProviderStrategy -- Found Docker environment with Docker accessed via Unix socket (/Users/shotaroishii/.docker/run/docker.sock)
03:33:55.763 [main] INFO org.testcontainers.DockerClientFactory -- Docker host IP address is localhost
03:33:55.797 [main] INFO org.testcontainers.DockerClientFactory -- Connected to docker: 
  Server Version: 28.5.1
  API Version: 1.51
  Operating System: Docker Desktop
  Total Memory: 7837 MB
03:33:55.852 [main] INFO tc.testcontainers/ryuk:0.7.0 -- Creating container for image: testcontainers/ryuk:0.7.0
03:33:56.090 [main] INFO org.testcontainers.utility.RegistryAuthLocator -- Credential helper/store (docker-credential-desktop) does not have credentials for https://index.docker.io/v1/
03:33:56.446 [main] INFO tc.testcontainers/ryuk:0.7.0 -- Container testcontainers/ryuk:0.7.0 is starting: 7d95bc096788570f16ea233b0fc283ff57a09fe25be21235cf7e1e6cade3dc28
03:33:57.043 [main] INFO tc.testcontainers/ryuk:0.7.0 -- Container testcontainers/ryuk:0.7.0 started in PT1.191058S
03:33:57.061 [main] INFO org.testcontainers.utility.RyukResourceReaper -- Ryuk started - will monitor and terminate Testcontainers containers on JVM exit
03:33:57.062 [main] INFO org.testcontainers.DockerClientFactory -- Checking the system...
03:33:57.063 [main] INFO org.testcontainers.DockerClientFactory -- ✔︎ Docker server version should be at least 1.6.0
03:33:57.065 [main] INFO tc.postgres:16-alpine -- Creating container for image: postgres:16-alpine
03:33:57.101 [main] INFO tc.postgres:16-alpine -- Container postgres:16-alpine is starting: 959a8b3c5e08348ef5e66e27f3256eeb3afef130524888547b81eda498dee29b
03:33:58.239 [main] INFO tc.postgres:16-alpine -- Container postgres:16-alpine started in PT1.17405S
03:33:58.243 [main] INFO tc.postgres:16-alpine -- Container is started (JDBC URL: jdbc:postgresql://localhost:63717/integrationhub?loggerLevel=OFF)

  .   ____          _            __ _ _
 /\\ / ___'_ __ _ _(_)_ __  __ _ \ \ \ \
( ( )\___ | '_ | '_| | '_ \/ _` | \ \ \ \
 \\/  ___)| |_)| | | | | || (_| |  ) ) ) )
  '  |____| .__|_| |_|_| |_\__, | / / / /
 =========|_|==============|___/=/_/_/_/

 :: Spring Boot ::                (v3.3.5)

2026-03-02 03:33:59.011 []  INFO --- [           main] c.shotaroi.integrationhub.SecurityTest   : Starting SecurityTest using Java 24.0.1 with PID 97142 (started by shotaroishii in /Users/shotaroishii/Documents/GitHub/Integration-Hub-API)
2026-03-02 03:33:59.013 []  INFO --- [           main] c.shotaroi.integrationhub.SecurityTest   : The following 1 profile is active: "test"
2026-03-02 03:34:01.231 []  INFO --- [           main] .s.d.r.c.RepositoryConfigurationDelegate : Bootstrapping Spring Data JPA repositories in DEFAULT mode.
2026-03-02 03:34:01.358 []  INFO --- [           main] .s.d.r.c.RepositoryConfigurationDelegate : Finished Spring Data repository scanning in 116 ms. Found 4 JPA repository interfaces.
2026-03-02 03:34:02.472 []  INFO --- [           main] com.zaxxer.hikari.HikariDataSource       : HikariPool-1 - Starting...
2026-03-02 03:34:02.734 []  INFO --- [           main] com.zaxxer.hikari.pool.HikariPool        : HikariPool-1 - Added connection org.postgresql.jdbc.PgConnection@7ebc5be6
2026-03-02 03:34:02.736 []  INFO --- [           main] com.zaxxer.hikari.HikariDataSource       : HikariPool-1 - Start completed.
2026-03-02 03:34:02.792 []  INFO --- [           main] org.flywaydb.core.FlywayExecutor         : Database: jdbc:postgresql://localhost:63717/integrationhub (PostgreSQL 16.11)
2026-03-02 03:34:02.853 []  INFO --- [           main] o.f.c.i.s.JdbcTableSchemaHistory         : Schema history table "public"."flyway_schema_history" does not exist yet
2026-03-02 03:34:02.862 []  INFO --- [           main] o.f.core.internal.command.DbValidate     : Successfully validated 5 migrations (execution time 00:00.035s)
2026-03-02 03:34:02.886 []  INFO --- [           main] o.f.c.i.s.JdbcTableSchemaHistory         : Creating Schema History table "public"."flyway_schema_history" ...
2026-03-02 03:34:02.943 []  INFO --- [           main] o.f.core.internal.command.DbMigrate      : Current version of schema "public": << Empty Schema >>
2026-03-02 03:34:02.963 []  INFO --- [           main] o.f.core.internal.command.DbMigrate      : Migrating schema "public" to version "1 - create partners"
2026-03-02 03:34:03.005 []  INFO --- [           main] o.f.core.internal.command.DbMigrate      : Migrating schema "public" to version "2 - create orders"
2026-03-02 03:34:03.035 []  INFO --- [           main] o.f.core.internal.command.DbMigrate      : Migrating schema "public" to version "3 - create order payloads"
2026-03-02 03:34:03.059 []  INFO --- [           main] o.f.core.internal.command.DbMigrate      : Migrating schema "public" to version "4 - create outbox events"
2026-03-02 03:34:03.074 []  INFO --- [           main] o.f.core.internal.command.DbMigrate      : Migrating schema "public" to version "5 - seed partners"
2026-03-02 03:34:03.076 []  INFO --- [           main] o.f.c.i.s.DefaultSqlScriptExecutor       : +----------+
| ?column? |
+----------+
| 1        |
+----------+

2026-03-02 03:34:03.091 []  INFO --- [           main] o.f.core.internal.command.DbMigrate      : Successfully applied 5 migrations to schema "public", now at version v5 (execution time 00:00.037s)
2026-03-02 03:34:03.273 []  INFO --- [           main] o.hibernate.jpa.internal.util.LogHelper  : HHH000204: Processing PersistenceUnitInfo [name: default]
2026-03-02 03:34:03.328 []  INFO --- [           main] org.hibernate.Version                    : HHH000412: Hibernate ORM core version 6.5.3.Final
2026-03-02 03:34:03.362 []  INFO --- [           main] o.h.c.internal.RegionFactoryInitiator    : HHH000026: Second-level cache disabled
2026-03-02 03:34:03.703 []  INFO --- [           main] o.s.o.j.p.SpringPersistenceUnitInfo      : No LoadTimeWeaver setup: ignoring JPA class transformer
2026-03-02 03:34:05.199 []  INFO --- [           main] o.h.e.t.j.p.i.JtaPlatformInitiator       : HHH000489: No JTA platform available (set 'hibernate.transaction.jta.platform' to enable JTA platform integration)
2026-03-02 03:34:05.208 []  INFO --- [           main] j.LocalContainerEntityManagerFactoryBean : Initialized JPA EntityManagerFactory for persistence unit 'default'
2026-03-02 03:34:05.867 []  INFO --- [           main] o.s.d.j.r.query.QueryEnhancerFactory     : Hibernate is in classpath; If applicable, HQL parser will be used.
2026-03-02 03:34:07.125 []  INFO --- [           main] r$InitializeUserDetailsManagerConfigurer : Global AuthenticationManager configured with UserDetailsService bean with name userDetailsService
2026-03-02 03:34:08.091 []  INFO --- [           main] o.s.b.t.m.w.SpringBootMockServletContext : Initializing Spring TestDispatcherServlet ''
2026-03-02 03:34:08.092 []  INFO --- [           main] o.s.t.web.servlet.TestDispatcherServlet  : Initializing Servlet ''
2026-03-02 03:34:08.093 []  INFO --- [           main] o.s.t.web.servlet.TestDispatcherServlet  : Completed initialization in 1 ms
2026-03-02 03:34:08.149 []  INFO --- [           main] c.shotaroi.integrationhub.SecurityTest   : Started SecurityTest in 9.805 seconds (process running for 15.408)
]]></system-out>
    <system-err><![CDATA[WARNING: A Java agent has been loaded dynamically (/Users/shotaroishii/.m2/repository/net/bytebuddy/byte-buddy-agent/1.14.19/byte-buddy-agent-1.14.19.jar)
WARNING: If a serviceability tool is in use, please run with -XX:+EnableDynamicAgentLoading to hide this warning
WARNING: If a serviceability tool is not in use, please run with -Djdk.instrument.traceUsage for more information
WARNING: Dynamic loading of agents will be disallowed by default in a future release
]]></system-err>
  </testcase>
  <testcase name="adminWithBasicAuthCanAccessAdmin" classname="com.shotaroi.integrationhub.SecurityTest" time="0.352"/>
  <testcase name="missingApiKeyReturns401" classname="com.shotaroi.integrationhub.SecurityTest" time="0.013"/>
  <testcase name="partnerRoleCannotAccessAdminReturns403" classname="com.shotaroi.integrationhub.SecurityTest" time="0.102"/>
  <testcase name="wrongApiKeyReturns401" classname="com.shotaroi.integrationhub.SecurityTest" time="0.118"/>
</testsuite>